<?xml version="1.0" encoding="UTF-8"?>
<!-- Generated by org.testng.reporters.JUnitReportReporter -->
<testsuite hostname="DESKTOP-9M4JE7O" failures="0" tests="1" name="com.Feb26.TestCases.TC001_LogonAndCreateAProject" time="20.668" errors="0" timestamp="2020-02-26T22:01:14 CST" skipped="0">
  <testcase classname="com.Feb26.TestCases.TC001_LogonAndCreateAProject" name="logonToTodoIst" time="20.668"/>
</testsuite> <!-- com.Feb26.TestCases.TC001_LogonAndCreateAProject -->
