<?xml version="1.0" encoding="UTF-8"?>
<!-- Generated by org.testng.reporters.JUnitReportReporter -->
<testsuite hostname="DESKTOP-9M4JE7O" failures="0" tests="1" name="com.LocalDockerContainer.TestCases.TestCases" time="0.049" errors="0" timestamp="26 Feb 2020 19:07:06 GMT">
  <testcase classname="com.LocalDockerContainer.TestCases.TestCases" name="mainTest" time="0.049"/>
</testsuite> <!-- com.LocalDockerContainer.TestCases.TestCases -->
